[2021-02-21 12:45:20] production.ERROR: No application encryption key has been specified. {"exception":"[object] (Illuminate\\Encryption\\MissingAppKeyException(code: 0): No application encryption key has been specified. at D:\\INFORMATIKA\\Semester 6\\RPLL\\tubes\\RPLL-socialLite\\Backend\\SocialLite\\vendor\\laravel\\framework\\src\\Illuminate\\Encryption\\EncryptionServiceProvider.php:79)
[stacktrace]
#0 D:\\INFORMATIKA\\Semester 6\\RPLL\\tubes\\RPLL-socialLite\\Backend\\SocialLite\\vendor\\laravel\\framework\\src\\Illuminate\\Support\\helpers.php(263): Illuminate\\Encryption\\EncryptionServiceProvider->Illuminate\\Encryption\\{closure}(NULL)
#1 D:\\INFORMATIKA\\Semester 6\\RPLL\\tubes\\RPLL-socialLite\\Backend\\SocialLite\\vendor\\laravel\\framework\\src\\Illuminate\\Encryption\\EncryptionServiceProvider.php(81): tap(NULL, Object(Closure))
#2 D:\\INFORMATIKA\\Semester 6\\RPLL\\tubes\\RPLL-socialLite\\Backend\\SocialLite\\vendor\\laravel\\framework\\src\\Illuminate\\Encryption\\EncryptionServiceProvider.php(60): Illuminate\\Encryption\\EncryptionServiceProvider->key(Array)
#3 D:\\INFORMATIKA\\Semester 6\\RPLL\\tubes\\RPLL-socialLite\\Backend\\SocialLite\\vendor\\laravel\\framework\\src\\Illuminate\\Encryption\\EncryptionServiceProvider.php(32): Illuminate\\Encryption\\EncryptionServiceProvider->parseKey(Array)
#4 D:\\INFORMATIKA\\Semester 6\\RPLL\\tubes\\RPLL-socialLite\\Backend\\SocialLite\\vendor\\laravel\\framework\\src\\Illuminate\\Container\\Container.php(826): Illuminate\\Encryption\\EncryptionServiceProvider->Illuminate\\Encryption\\{closure}(Object(Illuminate\\Foundation\\Application), Array)
#5 D:\\INFORMATIKA\\Semester 6\\RPLL\\tubes\\RPLL-socialLite\\Backend\\SocialLite\\vendor\\laravel\\framework\\src\\Illuminate\\Container\\Container.php(712): Illuminate\\Container\\Container->build(Object(Closure))
#6 D:\\INFORMATIKA\\Semester 6\\RPLL\\tubes\\RPLL-socialLite\\Backend\\SocialLite\\vendor\\laravel\\framework\\src\\Illuminate\\Foundation\\Application.php(841): Illuminate\\Container\\Container->resolve('encrypter', Array, true)
#7 D:\\INFORMATIKA\\Semester 6\\RPLL\\tubes\\RPLL-socialLite\\Backend\\SocialLite\\vendor\\laravel\\framework\\src\\Illuminate\\Container\\Container.php(651): Illuminate\\Foundation\\Application->resolve('encrypter', Array)
#8 D:\\INFORMATIKA\\Semester 6\\RPLL\\tubes\\RPLL-socialLite\\Backend\\SocialLite\\vendor\\laravel\\framework\\src\\Illuminate\\Foundation\\Application.php(826): Illuminate\\Container\\Container->make('encrypter', Array)
#9 D:\\INFORMATIKA\\Semester 6\\RPLL\\tubes\\RPLL-socialLite\\Backend\\SocialLite\\vendor\\laravel\\framework\\src\\Illuminate\\Container\\Container.php(980): Illuminate\\Foundation\\Application->make('encrypter')
#10 D:\\INFORMATIKA\\Semester 6\\RPLL\\tubes\\RPLL-socialLite\\Backend\\SocialLite\\vendor\\laravel\\framework\\src\\Illuminate\\Container\\Container.php(900): Illuminate\\Container\\Container->resolveClass(Object(ReflectionParameter))
#11 D:\\INFORMATIKA\\Semester 6\\RPLL\\tubes\\RPLL-socialLite\\Backend\\SocialLite\\vendor\\laravel\\framework\\src\\Illuminate\\Container\\Container.php(861): Illuminate\\Container\\Container->resolveDependencies(Array)
#12 D:\\INFORMATIKA\\Semester 6\\RPLL\\tubes\\RPLL-socialLite\\Backend\\SocialLite\\vendor\\laravel\\framework\\src\\Illuminate\\Container\\Container.php(712): Illuminate\\Container\\Container->build('App\\\\Http\\\\Middle...')
#13 D:\\INFORMATIKA\\Semester 6\\RPLL\\tubes\\RPLL-socialLite\\Backend\\SocialLite\\vendor\\laravel\\framework\\src\\Illuminate\\Foundation\\Application.php(841): Illuminate\\Container\\Container->resolve('App\\\\Http\\\\Middle...', Array, true)
#14 D:\\INFORMATIKA\\Semester 6\\RPLL\\tubes\\RPLL-socialLite\\Backend\\SocialLite\\vendor\\laravel\\framework\\src\\Illuminate\\Container\\Container.php(651): Illuminate\\Foundation\\Application->resolve('App\\\\Http\\\\Middle...', Array)
#15 D:\\INFORMATIKA\\Semester 6\\RPLL\\tubes\\RPLL-socialLite\\Backend\\SocialLite\\vendor\\laravel\\framework\\src\\Illuminate\\Foundation\\Application.php(826): Illuminate\\Container\\Container->make('App\\\\Http\\\\Middle...', Array)
#16 D:\\INFORMATIKA\\Semester 6\\RPLL\\tubes\\RPLL-socialLite\\Backend\\SocialLite\\vendor\\laravel\\framework\\src\\Illuminate\\Pipeline\\Pipeline.php(156): Illuminate\\Foundation\\Application->make('App\\\\Http\\\\Middle...')
#17 D:\\INFORMATIKA\\Semester 6\\RPLL\\tubes\\RPLL-socialLite\\Backend\\SocialLite\\vendor\\laravel\\framework\\src\\Illuminate\\Pipeline\\Pipeline.php(103): Illuminate\\Pipeline\\Pipeline->Illuminate\\Pipeline\\{closure}(Object(Illuminate\\Http\\Request))
#18 D:\\INFORMATIKA\\Semester 6\\RPLL\\tubes\\RPLL-socialLite\\Backend\\SocialLite\\vendor\\laravel\\framework\\src\\Illuminate\\Routing\\Router.php(695): Illuminate\\Pipeline\\Pipeline->then(Object(Closure))
#19 D:\\INFORMATIKA\\Semester 6\\RPLL\\tubes\\RPLL-socialLite\\Backend\\SocialLite\\vendor\\laravel\\framework\\src\\Illuminate\\Routing\\Router.php(670): Illuminate\\Routing\\Router->runRouteWithinStack(Object(Illuminate\\Routing\\Route), Object(Illuminate\\Http\\Request))
#20 D:\\INFORMATIKA\\Semester 6\\RPLL\\tubes\\RPLL-socialLite\\Backend\\SocialLite\\vendor\\laravel\\framework\\src\\Illuminate\\Routing\\Router.php(636): Illuminate\\Routing\\Router->runRoute(Object(Illuminate\\Http\\Request), Object(Illuminate\\Routing\\Route))
#21 D:\\INFORMATIKA\\Semester 6\\RPLL\\tubes\\RPLL-socialLite\\Backend\\SocialLite\\vendor\\laravel\\framework\\src\\Illuminate\\Routing\\Router.php(625): Illuminate\\Routing\\Router->dispatchToRoute(Object(Illuminate\\Http\\Request))
#22 D:\\INFORMATIKA\\Semester 6\\RPLL\\tubes\\RPLL-socialLite\\Backend\\SocialLite\\vendor\\laravel\\framework\\src\\Illuminate\\Foundation\\Http\\Kernel.php(166): Illuminate\\Routing\\Router->dispatch(Object(Illuminate\\Http\\Request))
#23 D:\\INFORMATIKA\\Semester 6\\RPLL\\tubes\\RPLL-socialLite\\Backend\\SocialLite\\vendor\\laravel\\framework\\src\\Illuminate\\Pipeline\\Pipeline.php(128): Illuminate\\Foundation\\Http\\Kernel->Illuminate\\Foundation\\Http\\{closure}(Object(Illuminate\\Http\\Request))
#24 D:\\INFORMATIKA\\Semester 6\\RPLL\\tubes\\RPLL-socialLite\\Backend\\SocialLite\\vendor\\laravel\\framework\\src\\Illuminate\\Foundation\\Http\\Middleware\\TransformsRequest.php(21): Illuminate\\Pipeline\\Pipeline->Illuminate\\Pipeline\\{closure}(Object(Illuminate\\Http\\Request))
#25 D:\\INFORMATIKA\\Semester 6\\RPLL\\tubes\\RPLL-socialLite\\Backend\\SocialLite\\vendor\\laravel\\framework\\src\\Illuminate\\Pipeline\\Pipeline.php(167): Illuminate\\Foundation\\Http\\Middleware\\TransformsRequest->handle(Object(Illuminate\\Http\\Request), Object(Closure))
#26 D:\\INFORMATIKA\\Semester 6\\RPLL\\tubes\\RPLL-socialLite\\Backend\\SocialLite\\vendor\\laravel\\framework\\src\\Illuminate\\Foundation\\Http\\Middleware\\TransformsRequest.php(21): Illuminate\\Pipeline\\Pipeline->Illuminate\\Pipeline\\{closure}(Object(Illuminate\\Http\\Request))
#27 D:\\INFORMATIKA\\Semester 6\\RPLL\\tubes\\RPLL-socialLite\\Backend\\SocialLite\\vendor\\laravel\\framework\\src\\Illuminate\\Pipeline\\Pipeline.php(167): Illuminate\\Foundation\\Http\\Middleware\\TransformsRequest->handle(Object(Illuminate\\Http\\Request), Object(Closure))
#28 D:\\INFORMATIKA\\Semester 6\\RPLL\\tubes\\RPLL-socialLite\\Backend\\SocialLite\\vendor\\laravel\\framework\\src\\Illuminate\\Foundation\\Http\\Middleware\\ValidatePostSize.php(27): Illuminate\\Pipeline\\Pipeline->Illuminate\\Pipeline\\{closure}(Object(Illuminate\\Http\\Request))
#29 D:\\INFORMATIKA\\Semester 6\\RPLL\\tubes\\RPLL-socialLite\\Backend\\SocialLite\\vendor\\laravel\\framework\\src\\Illuminate\\Pipeline\\Pipeline.php(167): Illuminate\\Foundation\\Http\\Middleware\\ValidatePostSize->handle(Object(Illuminate\\Http\\Request), Object(Closure))
#30 D:\\INFORMATIKA\\Semester 6\\RPLL\\tubes\\RPLL-socialLite\\Backend\\SocialLite\\vendor\\laravel\\framework\\src\\Illuminate\\Foundation\\Http\\Middleware\\PreventRequestsDuringMaintenance.php(86): Illuminate\\Pipeline\\Pipeline->Illuminate\\Pipeline\\{closure}(Object(Illuminate\\Http\\Request))
#31 D:\\INFORMATIKA\\Semester 6\\RPLL\\tubes\\RPLL-socialLite\\Backend\\SocialLite\\vendor\\laravel\\framework\\src\\Illuminate\\Pipeline\\Pipeline.php(167): Illuminate\\Foundation\\Http\\Middleware\\PreventRequestsDuringMaintenance->handle(Object(Illuminate\\Http\\Request), Object(Closure))
#32 D:\\INFORMATIKA\\Semester 6\\RPLL\\tubes\\RPLL-socialLite\\Backend\\SocialLite\\vendor\\fruitcake\\laravel-cors\\src\\HandleCors.php(37): Illuminate\\Pipeline\\Pipeline->Illuminate\\Pipeline\\{closure}(Object(Illuminate\\Http\\Request))
#33 D:\\INFORMATIKA\\Semester 6\\RPLL\\tubes\\RPLL-socialLite\\Backend\\SocialLite\\vendor\\laravel\\framework\\src\\Illuminate\\Pipeline\\Pipeline.php(167): Fruitcake\\Cors\\HandleCors->handle(Object(Illuminate\\Http\\Request), Object(Closure))
#34 D:\\INFORMATIKA\\Semester 6\\RPLL\\tubes\\RPLL-socialLite\\Backend\\SocialLite\\vendor\\fideloper\\proxy\\src\\TrustProxies.php(57): Illuminate\\Pipeline\\Pipeline->Illuminate\\Pipeline\\{closure}(Object(Illuminate\\Http\\Request))
#35 D:\\INFORMATIKA\\Semester 6\\RPLL\\tubes\\RPLL-socialLite\\Backend\\SocialLite\\vendor\\laravel\\framework\\src\\Illuminate\\Pipeline\\Pipeline.php(167): Fideloper\\Proxy\\TrustProxies->handle(Object(Illuminate\\Http\\Request), Object(Closure))
#36 D:\\INFORMATIKA\\Semester 6\\RPLL\\tubes\\RPLL-socialLite\\Backend\\SocialLite\\vendor\\laravel\\framework\\src\\Illuminate\\Pipeline\\Pipeline.php(103): Illuminate\\Pipeline\\Pipeline->Illuminate\\Pipeline\\{closure}(Object(Illuminate\\Http\\Request))
#37 D:\\INFORMATIKA\\Semester 6\\RPLL\\tubes\\RPLL-socialLite\\Backend\\SocialLite\\vendor\\laravel\\framework\\src\\Illuminate\\Foundation\\Http\\Kernel.php(141): Illuminate\\Pipeline\\Pipeline->then(Object(Closure))
#38 D:\\INFORMATIKA\\Semester 6\\RPLL\\tubes\\RPLL-socialLite\\Backend\\SocialLite\\vendor\\laravel\\framework\\src\\Illuminate\\Foundation\\Http\\Kernel.php(110): Illuminate\\Foundation\\Http\\Kernel->sendRequestThroughRouter(Object(Illuminate\\Http\\Request))
#39 D:\\INFORMATIKA\\Semester 6\\RPLL\\tubes\\RPLL-socialLite\\Backend\\SocialLite\\public\\index.php(52): Illuminate\\Foundation\\Http\\Kernel->handle(Object(Illuminate\\Http\\Request))
#40 D:\\INFORMATIKA\\Semester 6\\RPLL\\tubes\\RPLL-socialLite\\Backend\\SocialLite\\server.php(21): require_once('D:\\\\INFORMATIKA\\\\...')
#41 {main}
"} 
[2021-02-21 12:45:20] production.ERROR: No application encryption key has been specified. {"exception":"[object] (Illuminate\\Encryption\\MissingAppKeyException(code: 0): No application encryption key has been specified. at D:\\INFORMATIKA\\Semester 6\\RPLL\\tubes\\RPLL-socialLite\\Backend\\SocialLite\\vendor\\laravel\\framework\\src\\Illuminate\\Encryption\\EncryptionServiceProvider.php:79)
[stacktrace]
#0 D:\\INFORMATIKA\\Semester 6\\RPLL\\tubes\\RPLL-socialLite\\Backend\\SocialLite\\vendor\\laravel\\framework\\src\\Illuminate\\Support\\helpers.php(263): Illuminate\\Encryption\\EncryptionServiceProvider->Illuminate\\Encryption\\{closure}(NULL)
#1 D:\\INFORMATIKA\\Semester 6\\RPLL\\tubes\\RPLL-socialLite\\Backend\\SocialLite\\vendor\\laravel\\framework\\src\\Illuminate\\Encryption\\EncryptionServiceProvider.php(81): tap(NULL, Object(Closure))
#2 D:\\INFORMATIKA\\Semester 6\\RPLL\\tubes\\RPLL-socialLite\\Backend\\SocialLite\\vendor\\laravel\\framework\\src\\Illuminate\\Encryption\\EncryptionServiceProvider.php(60): Illuminate\\Encryption\\EncryptionServiceProvider->key(Array)
#3 D:\\INFORMATIKA\\Semester 6\\RPLL\\tubes\\RPLL-socialLite\\Backend\\SocialLite\\vendor\\laravel\\framework\\src\\Illuminate\\Encryption\\EncryptionServiceProvider.php(32): Illuminate\\Encryption\\EncryptionServiceProvider->parseKey(Array)
#4 D:\\INFORMATIKA\\Semester 6\\RPLL\\tubes\\RPLL-socialLite\\Backend\\SocialLite\\vendor\\laravel\\framework\\src\\Illuminate\\Container\\Container.php(826): Illuminate\\Encryption\\EncryptionServiceProvider->Illuminate\\Encryption\\{closure}(Object(Illuminate\\Foundation\\Application), Array)
#5 D:\\INFORMATIKA\\Semester 6\\RPLL\\tubes\\RPLL-socialLite\\Backend\\SocialLite\\vendor\\laravel\\framework\\src\\Illuminate\\Container\\Container.php(712): Illuminate\\Container\\Container->build(Object(Closure))
#6 D:\\INFORMATIKA\\Semester 6\\RPLL\\tubes\\RPLL-socialLite\\Backend\\SocialLite\\vendor\\laravel\\framework\\src\\Illuminate\\Foundation\\Application.php(841): Illuminate\\Container\\Container->resolve('encrypter', Array, true)
#7 D:\\INFORMATIKA\\Semester 6\\RPLL\\tubes\\RPLL-socialLite\\Backend\\SocialLite\\vendor\\laravel\\framework\\src\\Illuminate\\Container\\Container.php(651): Illuminate\\Foundation\\Application->resolve('encrypter', Array)
#8 D:\\INFORMATIKA\\Semester 6\\RPLL\\tubes\\RPLL-socialLite\\Backend\\SocialLite\\vendor\\laravel\\framework\\src\\Illuminate\\Foundation\\Application.php(826): Illuminate\\Container\\Container->make('encrypter', Array)
#9 D:\\INFORMATIKA\\Semester 6\\RPLL\\tubes\\RPLL-socialLite\\Backend\\SocialLite\\vendor\\laravel\\framework\\src\\Illuminate\\Container\\Container.php(980): Illuminate\\Foundation\\Application->make('encrypter')
#10 D:\\INFORMATIKA\\Semester 6\\RPLL\\tubes\\RPLL-socialLite\\Backend\\SocialLite\\vendor\\laravel\\framework\\src\\Illuminate\\Container\\Container.php(900): Illuminate\\Container\\Container->resolveClass(Object(ReflectionParameter))
#11 D:\\INFORMATIKA\\Semester 6\\RPLL\\tubes\\RPLL-socialLite\\Backend\\SocialLite\\vendor\\laravel\\framework\\src\\Illuminate\\Container\\Container.php(861): Illuminate\\Container\\Container->resolveDependencies(Array)
#12 D:\\INFORMATIKA\\Semester 6\\RPLL\\tubes\\RPLL-socialLite\\Backend\\SocialLite\\vendor\\laravel\\framework\\src\\Illuminate\\Container\\Container.php(712): Illuminate\\Container\\Container->build('App\\\\Http\\\\Middle...')
#13 D:\\INFORMATIKA\\Semester 6\\RPLL\\tubes\\RPLL-socialLite\\Backend\\SocialLite\\vendor\\laravel\\framework\\src\\Illuminate\\Foundation\\Application.php(841): Illuminate\\Container\\Container->resolve('App\\\\Http\\\\Middle...', Array, true)
#14 D:\\INFORMATIKA\\Semester 6\\RPLL\\tubes\\RPLL-socialLite\\Backend\\SocialLite\\vendor\\laravel\\framework\\src\\Illuminate\\Container\\Container.php(651): Illuminate\\Foundation\\Application->resolve('App\\\\Http\\\\Middle...', Array)
#15 D:\\INFORMATIKA\\Semester 6\\RPLL\\tubes\\RPLL-socialLite\\Backend\\SocialLite\\vendor\\laravel\\framework\\src\\Illuminate\\Foundation\\Application.php(826): Illuminate\\Container\\Container->make('App\\\\Http\\\\Middle...', Array)
#16 D:\\INFORMATIKA\\Semester 6\\RPLL\\tubes\\RPLL-socialLite\\Backend\\SocialLite\\vendor\\laravel\\framework\\src\\Illuminate\\Foundation\\Http\\Kernel.php(205): Illuminate\\Foundation\\Application->make('App\\\\Http\\\\Middle...')
#17 D:\\INFORMATIKA\\Semester 6\\RPLL\\tubes\\RPLL-socialLite\\Backend\\SocialLite\\vendor\\laravel\\framework\\src\\Illuminate\\Foundation\\Http\\Kernel.php(179): Illuminate\\Foundation\\Http\\Kernel->terminateMiddleware(Object(Illuminate\\Http\\Request), Object(Illuminate\\Http\\Response))
#18 D:\\INFORMATIKA\\Semester 6\\RPLL\\tubes\\RPLL-socialLite\\Backend\\SocialLite\\public\\index.php(55): Illuminate\\Foundation\\Http\\Kernel->terminate(Object(Illuminate\\Http\\Request), Object(Illuminate\\Http\\Response))
#19 D:\\INFORMATIKA\\Semester 6\\RPLL\\tubes\\RPLL-socialLite\\Backend\\SocialLite\\server.php(21): require_once('D:\\\\INFORMATIKA\\\\...')
#20 {main}
"} 
[2021-02-21 12:45:45] production.ERROR: No application encryption key has been specified. {"exception":"[object] (Illuminate\\Encryption\\MissingAppKeyException(code: 0): No application encryption key has been specified. at D:\\INFORMATIKA\\Semester 6\\RPLL\\tubes\\RPLL-socialLite\\Backend\\SocialLite\\vendor\\laravel\\framework\\src\\Illuminate\\Encryption\\EncryptionServiceProvider.php:79)
[stacktrace]
#0 D:\\INFORMATIKA\\Semester 6\\RPLL\\tubes\\RPLL-socialLite\\Backend\\SocialLite\\vendor\\laravel\\framework\\src\\Illuminate\\Support\\helpers.php(263): Illuminate\\Encryption\\EncryptionServiceProvider->Illuminate\\Encryption\\{closure}(NULL)
#1 D:\\INFORMATIKA\\Semester 6\\RPLL\\tubes\\RPLL-socialLite\\Backend\\SocialLite\\vendor\\laravel\\framework\\src\\Illuminate\\Encryption\\EncryptionServiceProvider.php(81): tap(NULL, Object(Closure))
#2 D:\\INFORMATIKA\\Semester 6\\RPLL\\tubes\\RPLL-socialLite\\Backend\\SocialLite\\vendor\\laravel\\framework\\src\\Illuminate\\Encryption\\EncryptionServiceProvider.php(60): Illuminate\\Encryption\\EncryptionServiceProvider->key(Array)
#3 D:\\INFORMATIKA\\Semester 6\\RPLL\\tubes\\RPLL-socialLite\\Backend\\SocialLite\\vendor\\laravel\\framework\\src\\Illuminate\\Encryption\\EncryptionServiceProvider.php(32): Illuminate\\Encryption\\EncryptionServiceProvider->parseKey(Array)
#4 D:\\INFORMATIKA\\Semester 6\\RPLL\\tubes\\RPLL-socialLite\\Backend\\SocialLite\\vendor\\laravel\\framework\\src\\Illuminate\\Container\\Container.php(826): Illuminate\\Encryption\\EncryptionServiceProvider->Illuminate\\Encryption\\{closure}(Object(Illuminate\\Foundation\\Application), Array)
#5 D:\\INFORMATIKA\\Semester 6\\RPLL\\tubes\\RPLL-socialLite\\Backend\\SocialLite\\vendor\\laravel\\framework\\src\\Illuminate\\Container\\Container.php(712): Illuminate\\Container\\Container->build(Object(Closure))
#6 D:\\INFORMATIKA\\Semester 6\\RPLL\\tubes\\RPLL-socialLite\\Backend\\SocialLite\\vendor\\laravel\\framework\\src\\Illuminate\\Foundation\\Application.php(841): Illuminate\\Container\\Container->resolve('encrypter', Array, true)
#7 D:\\INFORMATIKA\\Semester 6\\RPLL\\tubes\\RPLL-socialLite\\Backend\\SocialLite\\vendor\\laravel\\framework\\src\\Illuminate\\Container\\Container.php(651): Illuminate\\Foundation\\Application->resolve('encrypter', Array)
#8 D:\\INFORMATIKA\\Semester 6\\RPLL\\tubes\\RPLL-socialLite\\Backend\\SocialLite\\vendor\\laravel\\framework\\src\\Illuminate\\Foundation\\Application.php(826): Illuminate\\Container\\Container->make('encrypter', Array)
#9 D:\\INFORMATIKA\\Semester 6\\RPLL\\tubes\\RPLL-socialLite\\Backend\\SocialLite\\vendor\\laravel\\framework\\src\\Illuminate\\Container\\Container.php(980): Illuminate\\Foundation\\Application->make('encrypter')
#10 D:\\INFORMATIKA\\Semester 6\\RPLL\\tubes\\RPLL-socialLite\\Backend\\SocialLite\\vendor\\laravel\\framework\\src\\Illuminate\\Container\\Container.php(900): Illuminate\\Container\\Container->resolveClass(Object(ReflectionParameter))
#11 D:\\INFORMATIKA\\Semester 6\\RPLL\\tubes\\RPLL-socialLite\\Backend\\SocialLite\\vendor\\laravel\\framework\\src\\Illuminate\\Container\\Container.php(861): Illuminate\\Container\\Container->resolveDependencies(Array)
#12 D:\\INFORMATIKA\\Semester 6\\RPLL\\tubes\\RPLL-socialLite\\Backend\\SocialLite\\vendor\\laravel\\framework\\src\\Illuminate\\Container\\Container.php(712): Illuminate\\Container\\Container->build('App\\\\Http\\\\Middle...')
#13 D:\\INFORMATIKA\\Semester 6\\RPLL\\tubes\\RPLL-socialLite\\Backend\\SocialLite\\vendor\\laravel\\framework\\src\\Illuminate\\Foundation\\Application.php(841): Illuminate\\Container\\Container->resolve('App\\\\Http\\\\Middle...', Array, true)
#14 D:\\INFORMATIKA\\Semester 6\\RPLL\\tubes\\RPLL-socialLite\\Backend\\SocialLite\\vendor\\laravel\\framework\\src\\Illuminate\\Container\\Container.php(651): Illuminate\\Foundation\\Application->resolve('App\\\\Http\\\\Middle...', Array)
#15 D:\\INFORMATIKA\\Semester 6\\RPLL\\tubes\\RPLL-socialLite\\Backend\\SocialLite\\vendor\\laravel\\framework\\src\\Illuminate\\Foundation\\Application.php(826): Illuminate\\Container\\Container->make('App\\\\Http\\\\Middle...', Array)
#16 D:\\INFORMATIKA\\Semester 6\\RPLL\\tubes\\RPLL-socialLite\\Backend\\SocialLite\\vendor\\laravel\\framework\\src\\Illuminate\\Pipeline\\Pipeline.php(156): Illuminate\\Foundation\\Application->make('App\\\\Http\\\\Middle...')
#17 D:\\INFORMATIKA\\Semester 6\\RPLL\\tubes\\RPLL-socialLite\\Backend\\SocialLite\\vendor\\laravel\\framework\\src\\Illuminate\\Pipeline\\Pipeline.php(103): Illuminate\\Pipeline\\Pipeline->Illuminate\\Pipeline\\{closure}(Object(Illuminate\\Http\\Request))
#18 D:\\INFORMATIKA\\Semester 6\\RPLL\\tubes\\RPLL-socialLite\\Backend\\SocialLite\\vendor\\laravel\\framework\\src\\Illuminate\\Routing\\Router.php(695): Illuminate\\Pipeline\\Pipeline->then(Object(Closure))
#19 D:\\INFORMATIKA\\Semester 6\\RPLL\\tubes\\RPLL-socialLite\\Backend\\SocialLite\\vendor\\laravel\\framework\\src\\Illuminate\\Routing\\Router.php(670): Illuminate\\Routing\\Router->runRouteWithinStack(Object(Illuminate\\Routing\\Route), Object(Illuminate\\Http\\Request))
#20 D:\\INFORMATIKA\\Semester 6\\RPLL\\tubes\\RPLL-socialLite\\Backend\\SocialLite\\vendor\\laravel\\framework\\src\\Illuminate\\Routing\\Router.php(636): Illuminate\\Routing\\Router->runRoute(Object(Illuminate\\Http\\Request), Object(Illuminate\\Routing\\Route))
#21 D:\\INFORMATIKA\\Semester 6\\RPLL\\tubes\\RPLL-socialLite\\Backend\\SocialLite\\vendor\\laravel\\framework\\src\\Illuminate\\Routing\\Router.php(625): Illuminate\\Routing\\Router->dispatchToRoute(Object(Illuminate\\Http\\Request))
#22 D:\\INFORMATIKA\\Semester 6\\RPLL\\tubes\\RPLL-socialLite\\Backend\\SocialLite\\vendor\\laravel\\framework\\src\\Illuminate\\Foundation\\Http\\Kernel.php(166): Illuminate\\Routing\\Router->dispatch(Object(Illuminate\\Http\\Request))
#23 D:\\INFORMATIKA\\Semester 6\\RPLL\\tubes\\RPLL-socialLite\\Backend\\SocialLite\\vendor\\laravel\\framework\\src\\Illuminate\\Pipeline\\Pipeline.php(128): Illuminate\\Foundation\\Http\\Kernel->Illuminate\\Foundation\\Http\\{closure}(Object(Illuminate\\Http\\Request))
#24 D:\\INFORMATIKA\\Semester 6\\RPLL\\tubes\\RPLL-socialLite\\Backend\\SocialLite\\vendor\\laravel\\framework\\src\\Illuminate\\Foundation\\Http\\Middleware\\TransformsRequest.php(21): Illuminate\\Pipeline\\Pipeline->Illuminate\\Pipeline\\{closure}(Object(Illuminate\\Http\\Request))
#25 D:\\INFORMATIKA\\Semester 6\\RPLL\\tubes\\RPLL-socialLite\\Backend\\SocialLite\\vendor\\laravel\\framework\\src\\Illuminate\\Pipeline\\Pipeline.php(167): Illuminate\\Foundation\\Http\\Middleware\\TransformsRequest->handle(Object(Illuminate\\Http\\Request), Object(Closure))
#26 D:\\INFORMATIKA\\Semester 6\\RPLL\\tubes\\RPLL-socialLite\\Backend\\SocialLite\\vendor\\laravel\\framework\\src\\Illuminate\\Foundation\\Http\\Middleware\\TransformsRequest.php(21): Illuminate\\Pipeline\\Pipeline->Illuminate\\Pipeline\\{closure}(Object(Illuminate\\Http\\Request))
#27 D:\\INFORMATIKA\\Semester 6\\RPLL\\tubes\\RPLL-socialLite\\Backend\\SocialLite\\vendor\\laravel\\framework\\src\\Illuminate\\Pipeline\\Pipeline.php(167): Illuminate\\Foundation\\Http\\Middleware\\TransformsRequest->handle(Object(Illuminate\\Http\\Request), Object(Closure))
#28 D:\\INFORMATIKA\\Semester 6\\RPLL\\tubes\\RPLL-socialLite\\Backend\\SocialLite\\vendor\\laravel\\framework\\src\\Illuminate\\Foundation\\Http\\Middleware\\ValidatePostSize.php(27): Illuminate\\Pipeline\\Pipeline->Illuminate\\Pipeline\\{closure}(Object(Illuminate\\Http\\Request))
#29 D:\\INFORMATIKA\\Semester 6\\RPLL\\tubes\\RPLL-socialLite\\Backend\\SocialLite\\vendor\\laravel\\framework\\src\\Illuminate\\Pipeline\\Pipeline.php(167): Illuminate\\Foundation\\Http\\Middleware\\ValidatePostSize->handle(Object(Illuminate\\Http\\Request), Object(Closure))
#30 D:\\INFORMATIKA\\Semester 6\\RPLL\\tubes\\RPLL-socialLite\\Backend\\SocialLite\\vendor\\laravel\\framework\\src\\Illuminate\\Foundation\\Http\\Middleware\\PreventRequestsDuringMaintenance.php(86): Illuminate\\Pipeline\\Pipeline->Illuminate\\Pipeline\\{closure}(Object(Illuminate\\Http\\Request))
#31 D:\\INFORMATIKA\\Semester 6\\RPLL\\tubes\\RPLL-socialLite\\Backend\\SocialLite\\vendor\\laravel\\framework\\src\\Illuminate\\Pipeline\\Pipeline.php(167): Illuminate\\Foundation\\Http\\Middleware\\PreventRequestsDuringMaintenance->handle(Object(Illuminate\\Http\\Request), Object(Closure))
#32 D:\\INFORMATIKA\\Semester 6\\RPLL\\tubes\\RPLL-socialLite\\Backend\\SocialLite\\vendor\\fruitcake\\laravel-cors\\src\\HandleCors.php(37): Illuminate\\Pipeline\\Pipeline->Illuminate\\Pipeline\\{closure}(Object(Illuminate\\Http\\Request))
#33 D:\\INFORMATIKA\\Semester 6\\RPLL\\tubes\\RPLL-socialLite\\Backend\\SocialLite\\vendor\\laravel\\framework\\src\\Illuminate\\Pipeline\\Pipeline.php(167): Fruitcake\\Cors\\HandleCors->handle(Object(Illuminate\\Http\\Request), Object(Closure))
#34 D:\\INFORMATIKA\\Semester 6\\RPLL\\tubes\\RPLL-socialLite\\Backend\\SocialLite\\vendor\\fideloper\\proxy\\src\\TrustProxies.php(57): Illuminate\\Pipeline\\Pipeline->Illuminate\\Pipeline\\{closure}(Object(Illuminate\\Http\\Request))
#35 D:\\INFORMATIKA\\Semester 6\\RPLL\\tubes\\RPLL-socialLite\\Backend\\SocialLite\\vendor\\laravel\\framework\\src\\Illuminate\\Pipeline\\Pipeline.php(167): Fideloper\\Proxy\\TrustProxies->handle(Object(Illuminate\\Http\\Request), Object(Closure))
#36 D:\\INFORMATIKA\\Semester 6\\RPLL\\tubes\\RPLL-socialLite\\Backend\\SocialLite\\vendor\\laravel\\framework\\src\\Illuminate\\Pipeline\\Pipeline.php(103): Illuminate\\Pipeline\\Pipeline->Illuminate\\Pipeline\\{closure}(Object(Illuminate\\Http\\Request))
#37 D:\\INFORMATIKA\\Semester 6\\RPLL\\tubes\\RPLL-socialLite\\Backend\\SocialLite\\vendor\\laravel\\framework\\src\\Illuminate\\Foundation\\Http\\Kernel.php(141): Illuminate\\Pipeline\\Pipeline->then(Object(Closure))
#38 D:\\INFORMATIKA\\Semester 6\\RPLL\\tubes\\RPLL-socialLite\\Backend\\SocialLite\\vendor\\laravel\\framework\\src\\Illuminate\\Foundation\\Http\\Kernel.php(110): Illuminate\\Foundation\\Http\\Kernel->sendRequestThroughRouter(Object(Illuminate\\Http\\Request))
#39 D:\\INFORMATIKA\\Semester 6\\RPLL\\tubes\\RPLL-socialLite\\Backend\\SocialLite\\public\\index.php(52): Illuminate\\Foundation\\Http\\Kernel->handle(Object(Illuminate\\Http\\Request))
#40 D:\\INFORMATIKA\\Semester 6\\RPLL\\tubes\\RPLL-socialLite\\Backend\\SocialLite\\server.php(21): require_once('D:\\\\INFORMATIKA\\\\...')
#41 {main}
"} 
[2021-02-21 12:45:45] production.ERROR: No application encryption key has been specified. {"exception":"[object] (Illuminate\\Encryption\\MissingAppKeyException(code: 0): No application encryption key has been specified. at D:\\INFORMATIKA\\Semester 6\\RPLL\\tubes\\RPLL-socialLite\\Backend\\SocialLite\\vendor\\laravel\\framework\\src\\Illuminate\\Encryption\\EncryptionServiceProvider.php:79)
[stacktrace]
#0 D:\\INFORMATIKA\\Semester 6\\RPLL\\tubes\\RPLL-socialLite\\Backend\\SocialLite\\vendor\\laravel\\framework\\src\\Illuminate\\Support\\helpers.php(263): Illuminate\\Encryption\\EncryptionServiceProvider->Illuminate\\Encryption\\{closure}(NULL)
#1 D:\\INFORMATIKA\\Semester 6\\RPLL\\tubes\\RPLL-socialLite\\Backend\\SocialLite\\vendor\\laravel\\framework\\src\\Illuminate\\Encryption\\EncryptionServiceProvider.php(81): tap(NULL, Object(Closure))
#2 D:\\INFORMATIKA\\Semester 6\\RPLL\\tubes\\RPLL-socialLite\\Backend\\SocialLite\\vendor\\laravel\\framework\\src\\Illuminate\\Encryption\\EncryptionServiceProvider.php(60): Illuminate\\Encryption\\EncryptionServiceProvider->key(Array)
#3 D:\\INFORMATIKA\\Semester 6\\RPLL\\tubes\\RPLL-socialLite\\Backend\\SocialLite\\vendor\\laravel\\framework\\src\\Illuminate\\Encryption\\EncryptionServiceProvider.php(32): Illuminate\\Encryption\\EncryptionServiceProvider->parseKey(Array)
#4 D:\\INFORMATIKA\\Semester 6\\RPLL\\tubes\\RPLL-socialLite\\Backend\\SocialLite\\vendor\\laravel\\framework\\src\\Illuminate\\Container\\Container.php(826): Illuminate\\Encryption\\EncryptionServiceProvider->Illuminate\\Encryption\\{closure}(Object(Illuminate\\Foundation\\Application), Array)
#5 D:\\INFORMATIKA\\Semester 6\\RPLL\\tubes\\RPLL-socialLite\\Backend\\SocialLite\\vendor\\laravel\\framework\\src\\Illuminate\\Container\\Container.php(712): Illuminate\\Container\\Container->build(Object(Closure))
#6 D:\\INFORMATIKA\\Semester 6\\RPLL\\tubes\\RPLL-socialLite\\Backend\\SocialLite\\vendor\\laravel\\framework\\src\\Illuminate\\Foundation\\Application.php(841): Illuminate\\Container\\Container->resolve('encrypter', Array, true)
#7 D:\\INFORMATIKA\\Semester 6\\RPLL\\tubes\\RPLL-socialLite\\Backend\\SocialLite\\vendor\\laravel\\framework\\src\\Illuminate\\Container\\Container.php(651): Illuminate\\Foundation\\Application->resolve('encrypter', Array)
#8 D:\\INFORMATIKA\\Semester 6\\RPLL\\tubes\\RPLL-socialLite\\Backend\\SocialLite\\vendor\\laravel\\framework\\src\\Illuminate\\Foundation\\Application.php(826): Illuminate\\Container\\Container->make('encrypter', Array)
#9 D:\\INFORMATIKA\\Semester 6\\RPLL\\tubes\\RPLL-socialLite\\Backend\\SocialLite\\vendor\\laravel\\framework\\src\\Illuminate\\Container\\Container.php(980): Illuminate\\Foundation\\Application->make('encrypter')
#10 D:\\INFORMATIKA\\Semester 6\\RPLL\\tubes\\RPLL-socialLite\\Backend\\SocialLite\\vendor\\laravel\\framework\\src\\Illuminate\\Container\\Container.php(900): Illuminate\\Container\\Container->resolveClass(Object(ReflectionParameter))
#11 D:\\INFORMATIKA\\Semester 6\\RPLL\\tubes\\RPLL-socialLite\\Backend\\SocialLite\\vendor\\laravel\\framework\\src\\Illuminate\\Container\\Container.php(861): Illuminate\\Container\\Container->resolveDependencies(Array)
#12 D:\\INFORMATIKA\\Semester 6\\RPLL\\tubes\\RPLL-socialLite\\Backend\\SocialLite\\vendor\\laravel\\framework\\src\\Illuminate\\Container\\Container.php(712): Illuminate\\Container\\Container->build('App\\\\Http\\\\Middle...')
#13 D:\\INFORMATIKA\\Semester 6\\RPLL\\tubes\\RPLL-socialLite\\Backend\\SocialLite\\vendor\\laravel\\framework\\src\\Illuminate\\Foundation\\Application.php(841): Illuminate\\Container\\Container->resolve('App\\\\Http\\\\Middle...', Array, true)
#14 D:\\INFORMATIKA\\Semester 6\\RPLL\\tubes\\RPLL-socialLite\\Backend\\SocialLite\\vendor\\laravel\\framework\\src\\Illuminate\\Container\\Container.php(651): Illuminate\\Foundation\\Application->resolve('App\\\\Http\\\\Middle...', Array)
#15 D:\\INFORMATIKA\\Semester 6\\RPLL\\tubes\\RPLL-socialLite\\Backend\\SocialLite\\vendor\\laravel\\framework\\src\\Illuminate\\Foundation\\Application.php(826): Illuminate\\Container\\Container->make('App\\\\Http\\\\Middle...', Array)
#16 D:\\INFORMATIKA\\Semester 6\\RPLL\\tubes\\RPLL-socialLite\\Backend\\SocialLite\\vendor\\laravel\\framework\\src\\Illuminate\\Foundation\\Http\\Kernel.php(205): Illuminate\\Foundation\\Application->make('App\\\\Http\\\\Middle...')
#17 D:\\INFORMATIKA\\Semester 6\\RPLL\\tubes\\RPLL-socialLite\\Backend\\SocialLite\\vendor\\laravel\\framework\\src\\Illuminate\\Foundation\\Http\\Kernel.php(179): Illuminate\\Foundation\\Http\\Kernel->terminateMiddleware(Object(Illuminate\\Http\\Request), Object(Illuminate\\Http\\Response))
#18 D:\\INFORMATIKA\\Semester 6\\RPLL\\tubes\\RPLL-socialLite\\Backend\\SocialLite\\public\\index.php(55): Illuminate\\Foundation\\Http\\Kernel->terminate(Object(Illuminate\\Http\\Request), Object(Illuminate\\Http\\Response))
#19 D:\\INFORMATIKA\\Semester 6\\RPLL\\tubes\\RPLL-socialLite\\Backend\\SocialLite\\server.php(21): require_once('D:\\\\INFORMATIKA\\\\...')
#20 {main}
"} 
[2021-02-21 12:49:32] production.ERROR: file_get_contents(D:\INFORMATIKA\Semester 6\RPLL\tubes\RPLL-socialLite\Backend\SocialLite\.env): failed to open stream: No such file or directory {"exception":"[object] (ErrorException(code: 0): file_get_contents(D:\\INFORMATIKA\\Semester 6\\RPLL\\tubes\\RPLL-socialLite\\Backend\\SocialLite\\.env): failed to open stream: No such file or directory at D:\\INFORMATIKA\\Semester 6\\RPLL\\tubes\\RPLL-socialLite\\Backend\\SocialLite\\vendor\\laravel\\framework\\src\\Illuminate\\Foundation\\Console\\KeyGenerateCommand.php:96)
[stacktrace]
#0 [internal function]: Illuminate\\Foundation\\Bootstrap\\HandleExceptions->handleError(2, 'file_get_conten...', 'D:\\\\INFORMATIKA\\\\...', 96, Array)
#1 D:\\INFORMATIKA\\Semester 6\\RPLL\\tubes\\RPLL-socialLite\\Backend\\SocialLite\\vendor\\laravel\\framework\\src\\Illuminate\\Foundation\\Console\\KeyGenerateCommand.php(96): file_get_contents('D:\\\\INFORMATIKA\\\\...')
#2 D:\\INFORMATIKA\\Semester 6\\RPLL\\tubes\\RPLL-socialLite\\Backend\\SocialLite\\vendor\\laravel\\framework\\src\\Illuminate\\Foundation\\Console\\KeyGenerateCommand.php(80): Illuminate\\Foundation\\Console\\KeyGenerateCommand->writeNewEnvironmentFileWith('base64:pEKM6OCW...')
#3 D:\\INFORMATIKA\\Semester 6\\RPLL\\tubes\\RPLL-socialLite\\Backend\\SocialLite\\vendor\\laravel\\framework\\src\\Illuminate\\Foundation\\Console\\KeyGenerateCommand.php(45): Illuminate\\Foundation\\Console\\KeyGenerateCommand->setKeyInEnvironmentFile('base64:pEKM6OCW...')
#4 D:\\INFORMATIKA\\Semester 6\\RPLL\\tubes\\RPLL-socialLite\\Backend\\SocialLite\\vendor\\laravel\\framework\\src\\Illuminate\\Container\\BoundMethod.php(36): Illuminate\\Foundation\\Console\\KeyGenerateCommand->handle()
#5 D:\\INFORMATIKA\\Semester 6\\RPLL\\tubes\\RPLL-socialLite\\Backend\\SocialLite\\vendor\\laravel\\framework\\src\\Illuminate\\Container\\Util.php(40): Illuminate\\Container\\BoundMethod::Illuminate\\Container\\{closure}()
#6 D:\\INFORMATIKA\\Semester 6\\RPLL\\tubes\\RPLL-socialLite\\Backend\\SocialLite\\vendor\\laravel\\framework\\src\\Illuminate\\Container\\BoundMethod.php(93): Illuminate\\Container\\Util::unwrapIfClosure(Object(Closure))
#7 D:\\INFORMATIKA\\Semester 6\\RPLL\\tubes\\RPLL-socialLite\\Backend\\SocialLite\\vendor\\laravel\\framework\\src\\Illuminate\\Container\\BoundMethod.php(37): Illuminate\\Container\\BoundMethod::callBoundMethod(Object(Illuminate\\Foundation\\Application), Array, Object(Closure))
#8 D:\\INFORMATIKA\\Semester 6\\RPLL\\tubes\\RPLL-socialLite\\Backend\\SocialLite\\vendor\\laravel\\framework\\src\\Illuminate\\Container\\Container.php(610): Illuminate\\Container\\BoundMethod::call(Object(Illuminate\\Foundation\\Application), Array, Array, NULL)
#9 D:\\INFORMATIKA\\Semester 6\\RPLL\\tubes\\RPLL-socialLite\\Backend\\SocialLite\\vendor\\laravel\\framework\\src\\Illuminate\\Console\\Command.php(136): Illuminate\\Container\\Container->call(Array)
#10 D:\\INFORMATIKA\\Semester 6\\RPLL\\tubes\\RPLL-socialLite\\Backend\\SocialLite\\vendor\\symfony\\console\\Command\\Command.php(256): Illuminate\\Console\\Command->execute(Object(Symfony\\Component\\Console\\Input\\ArgvInput), Object(Illuminate\\Console\\OutputStyle))
#11 D:\\INFORMATIKA\\Semester 6\\RPLL\\tubes\\RPLL-socialLite\\Backend\\SocialLite\\vendor\\laravel\\framework\\src\\Illuminate\\Console\\Command.php(121): Symfony\\Component\\Console\\Command\\Command->run(Object(Symfony\\Component\\Console\\Input\\ArgvInput), Object(Illuminate\\Console\\OutputStyle))
#12 D:\\INFORMATIKA\\Semester 6\\RPLL\\tubes\\RPLL-socialLite\\Backend\\SocialLite\\vendor\\symfony\\console\\Application.php(971): Illuminate\\Console\\Command->run(Object(Symfony\\Component\\Console\\Input\\ArgvInput), Object(Symfony\\Component\\Console\\Output\\ConsoleOutput))
#13 D:\\INFORMATIKA\\Semester 6\\RPLL\\tubes\\RPLL-socialLite\\Backend\\SocialLite\\vendor\\symfony\\console\\Application.php(290): Symfony\\Component\\Console\\Application->doRunCommand(Object(Illuminate\\Foundation\\Console\\KeyGenerateCommand), Object(Symfony\\Component\\Console\\Input\\ArgvInput), Object(Symfony\\Component\\Console\\Output\\ConsoleOutput))
#14 D:\\INFORMATIKA\\Semester 6\\RPLL\\tubes\\RPLL-socialLite\\Backend\\SocialLite\\vendor\\symfony\\console\\Application.php(166): Symfony\\Component\\Console\\Application->doRun(Object(Symfony\\Component\\Console\\Input\\ArgvInput), Object(Symfony\\Component\\Console\\Output\\ConsoleOutput))
#15 D:\\INFORMATIKA\\Semester 6\\RPLL\\tubes\\RPLL-socialLite\\Backend\\SocialLite\\vendor\\laravel\\framework\\src\\Illuminate\\Console\\Application.php(93): Symfony\\Component\\Console\\Application->run(Object(Symfony\\Component\\Console\\Input\\ArgvInput), Object(Symfony\\Component\\Console\\Output\\ConsoleOutput))
#16 D:\\INFORMATIKA\\Semester 6\\RPLL\\tubes\\RPLL-socialLite\\Backend\\SocialLite\\vendor\\laravel\\framework\\src\\Illuminate\\Foundation\\Console\\Kernel.php(129): Illuminate\\Console\\Application->run(Object(Symfony\\Component\\Console\\Input\\ArgvInput), Object(Symfony\\Component\\Console\\Output\\ConsoleOutput))
#17 D:\\INFORMATIKA\\Semester 6\\RPLL\\tubes\\RPLL-socialLite\\Backend\\SocialLite\\artisan(37): Illuminate\\Foundation\\Console\\Kernel->handle(Object(Symfony\\Component\\Console\\Input\\ArgvInput), Object(Symfony\\Component\\Console\\Output\\ConsoleOutput))
#18 {main}
"} 
